# JRE version: OpenJDK Runtime Environment (8.0_242-b08) (build 1.8.0_242-8u242-b08-0ubuntu3~18.04-b08)
# Java VM: OpenJDK 64-Bit Server VM (25.242-b08 mixed mode linux-amd64 compressed oops)
Heap:
 PSYoungGen      total 293888K, used 0K [0x00000000ebf80000, 0x0000000100000000, 0x0000000100000000)
  eden space 259584K, 0% used [0x00000000ebf80000,0x00000000ebf80000,0x00000000fbd00000)
  from space 34304K, 0% used [0x00000000fde80000,0x00000000fde80000,0x0000000100000000)
  to   space 34304K, 0% used [0x00000000fbd00000,0x00000000fbd00000,0x00000000fde80000)
 ParOldGen       total 363520K, used 363109K [0x00000000c3e00000, 0x00000000da100000, 0x00000000ebf80000)
  object space 363520K, 99% used [0x00000000c3e00000,0x00000000da0996c8,0x00000000da100000)
 Metaspace       used 5510K, capacity 5710K, committed 5888K, reserved 1056768K
  class space    used 603K, capacity 679K, committed 768K, reserved 1048576K
GC Heap History (10 events):
Event: 2956,465 GC heap after
Heap after GC invocations=8876 (full 122):
 PSYoungGen      total 293376K, used 33984K [0x00000000ebf80000, 0x0000000100000000, 0x0000000100000000)
  eden space 258560K, 0% used [0x00000000ebf80000,0x00000000ebf80000,0x00000000fbc00000)
  from space 34816K, 97% used [0x00000000fde00000,0x00000000fff30000,0x0000000100000000)
  to   space 34816K, 0% used [0x00000000fbc00000,0x00000000fbc00000,0x00000000fde00000)
 ParOldGen       total 363520K, used 352857K [0x00000000c3e00000, 0x00000000da100000, 0x00000000ebf80000)
  object space 363520K, 97% used [0x00000000c3e00000,0x00000000d9696400,0x00000000da100000)
 Metaspace       used 5510K, capacity 5710K, committed 5888K, reserved 1056768K
  class space    used 603K, capacity 679K, committed 768K, reserved 1048576K
}
Event: 2956,740 GC heap before
{Heap before GC invocations=8877 (full 122):
 PSYoungGen      total 293376K, used 292544K [0x00000000ebf80000, 0x0000000100000000, 0x0000000100000000)
  eden space 258560K, 100% used [0x00000000ebf80000,0x00000000fbc00000,0x00000000fbc00000)
  from space 34816K, 97% used [0x00000000fde00000,0x00000000fff30000,0x0000000100000000)
  to   space 34816K, 0% used [0x00000000fbc00000,0x00000000fbc00000,0x00000000fde00000)
 ParOldGen       total 363520K, used 352857K [0x00000000c3e00000, 0x00000000da100000, 0x00000000ebf80000)
  object space 363520K, 97% used [0x00000000c3e00000,0x00000000d9696400,0x00000000da100000)
 Metaspace       used 5510K, capacity 5710K, committed 5888K, reserved 1056768K
  class space    used 603K, capacity 679K, committed 768K, reserved 1048576K
Event: 2956,814 GC heap after
Heap after GC invocations=8877 (full 122):
 PSYoungGen      total 292864K, used 34048K [0x00000000ebf80000, 0x00000000fff00000, 0x0000000100000000)
  eden space 258560K, 0% used [0x00000000ebf80000,0x00000000ebf80000,0x00000000fbc00000)
  from space 34304K, 99% used [0x00000000fbc00000,0x00000000fdd40000,0x00000000fdd80000)
  to   space 34304K, 0% used [0x00000000fdd80000,0x00000000fdd80000,0x00000000fff00000)
 ParOldGen       total 363520K, used 355169K [0x00000000c3e00000, 0x00000000da100000, 0x00000000ebf80000)
  object space 363520K, 97% used [0x00000000c3e00000,0x00000000d98d8400,0x00000000da100000)
 Metaspace       used 5510K, capacity 5710K, committed 5888K, reserved 1056768K
  class space    used 603K, capacity 679K, committed 768K, reserved 1048576K
}
Event: 2957,072 GC heap before
{Heap before GC invocations=8878 (full 122):
 PSYoungGen      total 292864K, used 292608K [0x00000000ebf80000, 0x00000000fff00000, 0x0000000100000000)
  eden space 258560K, 100% used [0x00000000ebf80000,0x00000000fbc00000,0x00000000fbc00000)
  from space 34304K, 99% used [0x00000000fbc00000,0x00000000fdd40000,0x00000000fdd80000)
  to   space 34304K, 0% used [0x00000000fdd80000,0x00000000fdd80000,0x00000000fff00000)
 ParOldGen       total 363520K, used 355169K [0x00000000c3e00000, 0x00000000da100000, 0x00000000ebf80000)
  object space 363520K, 97% used [0x00000000c3e00000,0x00000000d98d8400,0x00000000da100000)
 Metaspace       used 5510K, capacity 5710K, committed 5888K, reserved 1056768K
  class space    used 603K, capacity 679K, committed 768K, reserved 1048576K
Event: 2957,170 GC heap after
Heap after GC invocations=8878 (full 122):
 PSYoungGen      total 292864K, used 34112K [0x00000000ebf80000, 0x0000000100000000, 0x0000000100000000)
  eden space 258560K, 0% used [0x00000000ebf80000,0x00000000ebf80000,0x00000000fbc00000)
  from space 34304K, 99% used [0x00000000fdd80000,0x00000000ffed0000,0x00000000fff00000)
  to   space 34304K, 0% used [0x00000000fbc00000,0x00000000fbc00000,0x00000000fdd80000)
 ParOldGen       total 363520K, used 357465K [0x00000000c3e00000, 0x00000000da100000, 0x00000000ebf80000)
  object space 363520K, 98% used [0x00000000c3e00000,0x00000000d9b16400,0x00000000da100000)
 Metaspace       used 5510K, capacity 5710K, committed 5888K, reserved 1056768K
  class space    used 603K, capacity 679K, committed 768K, reserved 1048576K
}
Event: 2957,459 GC heap before
{Heap before GC invocations=8879 (full 122):
 PSYoungGen      total 292864K, used 292672K [0x00000000ebf80000, 0x0000000100000000, 0x0000000100000000)
  eden space 258560K, 100% used [0x00000000ebf80000,0x00000000fbc00000,0x00000000fbc00000)
  from space 34304K, 99% used [0x00000000fdd80000,0x00000000ffed0000,0x00000000fff00000)
  to   space 34304K, 0% used [0x00000000fbc00000,0x00000000fbc00000,0x00000000fdd80000)
 ParOldGen       total 363520K, used 357465K [0x00000000c3e00000, 0x00000000da100000, 0x00000000ebf80000)
  object space 363520K, 98% used [0x00000000c3e00000,0x00000000d9b16400,0x00000000da100000)
 Metaspace       used 5510K, capacity 5710K, committed 5888K, reserved 1056768K
  class space    used 603K, capacity 679K, committed 768K, reserved 1048576K
Event: 2957,547 GC heap after
Heap after GC invocations=8879 (full 122):
 PSYoungGen      total 292864K, used 33984K [0x00000000ebf80000, 0x0000000100000000, 0x0000000100000000)
  eden space 258560K, 0% used [0x00000000ebf80000,0x00000000ebf80000,0x00000000fbc00000)
  from space 34304K, 99% used [0x00000000fbc00000,0x00000000fdd30000,0x00000000fdd80000)
  to   space 34304K, 0% used [0x00000000fde80000,0x00000000fde80000,0x0000000100000000)
 ParOldGen       total 363520K, used 359841K [0x00000000c3e00000, 0x00000000da100000, 0x00000000ebf80000)
  object space 363520K, 98% used [0x00000000c3e00000,0x00000000d9d68400,0x00000000da100000)
 Metaspace       used 5510K, capacity 5710K, committed 5888K, reserved 1056768K
  class space    used 603K, capacity 679K, committed 768K, reserved 1048576K
}
Event: 2957,841 GC heap before
{Heap before GC invocations=8880 (full 122):
 PSYoungGen      total 292864K, used 292544K [0x00000000ebf80000, 0x0000000100000000, 0x0000000100000000)
  eden space 258560K, 100% used [0x00000000ebf80000,0x00000000fbc00000,0x00000000fbc00000)
  from space 34304K, 99% used [0x00000000fbc00000,0x00000000fdd30000,0x00000000fdd80000)
  to   space 34304K, 0% used [0x00000000fde80000,0x00000000fde80000,0x0000000100000000)
 ParOldGen       total 363520K, used 359841K [0x00000000c3e00000, 0x00000000da100000, 0x00000000ebf80000)
  object space 363520K, 98% used [0x00000000c3e00000,0x00000000d9d68400,0x00000000da100000)
 Metaspace       used 5510K, capacity 5710K, committed 5888K, reserved 1056768K
  class space    used 603K, capacity 679K, committed 768K, reserved 1048576K
Event: 2957,982 GC heap after
Heap after GC invocations=8880 (full 122):
 PSYoungGen      total 293888K, used 33952K [0x00000000ebf80000, 0x0000000100000000, 0x0000000100000000)
  eden space 259584K, 0% used [0x00000000ebf80000,0x00000000ebf80000,0x00000000fbd00000)
  from space 34304K, 98% used [0x00000000fde80000,0x00000000fffa8000,0x0000000100000000)
  to   space 34304K, 0% used [0x00000000fbd00000,0x00000000fbd00000,0x00000000fde80000)
 ParOldGen       total 363520K, used 362177K [0x00000000c3e00000, 0x00000000da100000, 0x00000000ebf80000)
  object space 363520K, 99% used [0x00000000c3e00000,0x00000000d9fb0400,0x00000000da100000)
 Metaspace       used 5510K, capacity 5710K, committed 5888K, reserved 1056768K
  class space    used 603K, capacity 679K, committed 768K, reserved 1048576K
}
Event: 2957,982 GC heap before
{Heap before GC invocations=8881 (full 123):
 PSYoungGen      total 293888K, used 33952K [0x00000000ebf80000, 0x0000000100000000, 0x0000000100000000)
  eden space 259584K, 0% used [0x00000000ebf80000,0x00000000ebf80000,0x00000000fbd00000)
  from space 34304K, 98% used [0x00000000fde80000,0x00000000fffa8000,0x0000000100000000)
  to   space 34304K, 0% used [0x00000000fbd00000,0x00000000fbd00000,0x00000000fde80000)
 ParOldGen       total 363520K, used 362177K [0x00000000c3e00000, 0x00000000da100000, 0x00000000ebf80000)
  object space 363520K, 99% used [0x00000000c3e00000,0x00000000d9fb0400,0x00000000da100000)
 Metaspace       used 5510K, capacity 5710K, committed 5888K, reserved 1056768K
  class space    used 603K, capacity 679K, committed 768K, reserved 1048576K

